<?xml version="1.0" encoding="UTF-8"?>
<testng-results ignored="0" total="1" passed="1" failed="0" skipped="0">
  <reporter-output>
  </reporter-output>
  <suite started-at="2024-01-12T18:17:02 EST" name="Default suite" finished-at="2024-01-12T18:17:11 EST" duration-ms="9161">
    <groups>
    </groups>
    <test started-at="2024-01-12T18:17:02 EST" name="Default test" finished-at="2024-01-12T18:17:11 EST" duration-ms="9161">
      <class name="com.qa.TN.Testcases.HomepageTest">
        <test-method is-config="true" signature="setup()[pri:0, instance:com.qa.TN.Testcases.HomepageTest@351d00c0]" started-at="2024-01-12T18:17:02 EST" name="setup" finished-at="2024-01-12T18:17:09 EST" duration-ms="6704" status="PASS">
          <reporter-output>
          </reporter-output>
        </test-method> <!-- setup -->
        <test-method signature="homepageLinksVerifaction()[pri:0, instance:com.qa.TN.Testcases.HomepageTest@351d00c0]" started-at="2024-01-12T18:17:09 EST" name="homepageLinksVerifaction" finished-at="2024-01-12T18:17:11 EST" duration-ms="2352" status="PASS">
          <reporter-output>
          </reporter-output>
        </test-method> <!-- homepageLinksVerifaction -->
      </class> <!-- com.qa.TN.Testcases.HomepageTest -->
    </test> <!-- Default test -->
  </suite> <!-- Default suite -->
</testng-results>
